----------------------------------------------------------------
Fri Sep 13 21:03:44 IST 2024:
Booting Derby version The Apache Software Foundation - Apache Derby - 10.16.1.1 - (1901046): instance a816c00e-0191-ec04-ce10-000001ce6560 
on database directory memory:C:\Users\india\Desktop\projects\Online_Shopping_App\myDb with class loader jdk.internal.loader.ClassLoaders$AppClassLoader@1d44bcfa 
Loaded from file:/C:/Users/india/.m2/repository/org/apache/derby/derby/10.16.1.1/derby-10.16.1.1.jar
java.vendor=Eclipse Adoptium
java.runtime.version=17.0.7+7
user.dir=C:\Users\india\Desktop\projects\Online_Shopping_App
os.name=Windows 11
os.arch=amd64
os.version=10.0
derby.system.home=null
Database Class Loader started - derby.database.classpath=''
----------------------------------------------------------------
Fri Sep 13 21:12:28 IST 2024:
Shutting down instance a816c00e-0191-ec04-ce10-000001ce6560 on database directory memory:C:\Users\india\Desktop\projects\Online_Shopping_App\myDb with class loader jdk.internal.loader.ClassLoaders$AppClassLoader@1d44bcfa 
----------------------------------------------------------------
Fri Sep 13 21:12:31 IST 2024:
Booting Derby version The Apache Software Foundation - Apache Derby - 10.16.1.1 - (1901046): instance 6c5f0148-0191-ec04-ce10-000001ce6560 
on database directory memory:C:\Users\india\Desktop\projects\Online_Shopping_App\5a358e78-0eb1-460f-be39-362e834860ef with class loader jdk.internal.loader.ClassLoaders$AppClassLoader@1d44bcfa 
Loaded from file:/C:/Users/india/.m2/repository/org/apache/derby/derby/10.16.1.1/derby-10.16.1.1.jar
java.vendor=Eclipse Adoptium
java.runtime.version=17.0.7+7
user.dir=C:\Users\india\Desktop\projects\Online_Shopping_App
os.name=Windows 11
os.arch=amd64
os.version=10.0
derby.system.home=null
Database Class Loader started - derby.database.classpath=''
----------------------------------------------------------------
Fri Sep 13 21:12:31 IST 2024:
Shutting down instance 6c5f0148-0191-ec04-ce10-000001ce6560 on database directory memory:C:\Users\india\Desktop\projects\Online_Shopping_App\5a358e78-0eb1-460f-be39-362e834860ef with class loader jdk.internal.loader.ClassLoaders$AppClassLoader@1d44bcfa 
----------------------------------------------------------------
Fri Sep 13 21:12:31 IST 2024:
Booting Derby version The Apache Software Foundation - Apache Derby - 10.16.1.1 - (1901046): instance f30b8234-0191-ec04-ce10-000001ce6560 
on database directory memory:C:\Users\india\Desktop\projects\Online_Shopping_App\5a358e78-0eb1-460f-be39-362e834860ef with class loader jdk.internal.loader.ClassLoaders$AppClassLoader@1d44bcfa 
Loaded from file:/C:/Users/india/.m2/repository/org/apache/derby/derby/10.16.1.1/derby-10.16.1.1.jar
java.vendor=Eclipse Adoptium
java.runtime.version=17.0.7+7
user.dir=C:\Users\india\Desktop\projects\Online_Shopping_App
os.name=Windows 11
os.arch=amd64
os.version=10.0
derby.system.home=null
Database Class Loader started - derby.database.classpath=''
